c:\users\82109\source\repos\selfstudy\selfstudy\debug\vc142.pdb
c:\users\82109\source\repos\selfstudy\selfstudy\debug\vc142.idb
c:\users\82109\source\repos\selfstudy\selfstudy\debug\loop.obj
c:\users\82109\source\repos\selfstudy\selfstudy\debug\printfscanf.obj
c:\users\82109\source\repos\selfstudy\selfstudy\debug\condition.obj
c:\users\82109\source\repos\selfstudy\selfstudy\debug\random.obj
c:\users\82109\source\repos\selfstudy\selfstudy\debug\function.obj
c:\users\82109\source\repos\selfstudy\selfstudy\debug\function_project.obj
c:\users\82109\source\repos\selfstudy\selfstudy\debug\array.obj
c:\users\82109\source\repos\selfstudy\selfstudy\debug\array_project.obj
c:\users\82109\source\repos\selfstudy\selfstudy\debug\pointer.obj
c:\users\82109\source\repos\selfstudy\selfstudy\debug\pointer_project.obj
c:\users\82109\source\repos\selfstudy\debug\selfstudy.exe
c:\users\82109\source\repos\selfstudy\debug\selfstudy.ilk
c:\users\82109\source\repos\selfstudy\debug\selfstudy.pdb
c:\users\82109\source\repos\selfstudy\selfstudy\debug\selfstudy.tlog\cl.command.1.tlog
c:\users\82109\source\repos\selfstudy\selfstudy\debug\selfstudy.tlog\cl.read.1.tlog
c:\users\82109\source\repos\selfstudy\selfstudy\debug\selfstudy.tlog\cl.write.1.tlog
c:\users\82109\source\repos\selfstudy\selfstudy\debug\selfstudy.tlog\link.command.1.tlog
c:\users\82109\source\repos\selfstudy\selfstudy\debug\selfstudy.tlog\link.read.1.tlog
c:\users\82109\source\repos\selfstudy\selfstudy\debug\selfstudy.tlog\link.write.1.tlog
